0 info it worked if it ends with ok
1 verbose cli [ '/usr/bin/node', '/usr/bin/npm', 'run', 'start' ]
2 info using npm@3.5.2
3 info using node@v8.10.0
4 warn invalid config loglevel="notice"
5 verbose run-script [ 'prestart', 'start', 'poststart' ]
6 info lifecycle fragment-common@1.0.0~prestart: fragment-common@1.0.0
7 silly lifecycle fragment-common@1.0.0~prestart: no script for prestart, continuing
8 info lifecycle fragment-common@1.0.0~start: fragment-common@1.0.0
9 verbose lifecycle fragment-common@1.0.0~start: unsafe-perm in lifecycle true
10 verbose lifecycle fragment-common@1.0.0~start: PATH: /usr/share/npm/bin/node-gyp-bin:/home/wjureczka/IdeaProjects/tailor-react-spa/packages/fragment-common/node_modules/.bin:/home/wjureczka/IdeaProjects/tailor-react-spa/packages/fragment-common/node_modules/.bin:/home/wjureczka/IdeaProjects/tailor-react-spa/packages/node_modules/.bin:/home/wjureczka/IdeaProjects/tailor-react-spa/node_modules/.bin:/home/wjureczka/IdeaProjects/node_modules/.bin:/home/wjureczka/node_modules/.bin:/home/node_modules/.bin:/node_modules/.bin:/usr/bin:/usr/local/lib/node_modules/npm/node_modules/npm-lifecycle/node-gyp-bin:/home/wjureczka/IdeaProjects/tailor-react-spa/node_modules/.bin:/usr/local/sbin:/usr/local/bin:/usr/sbin:/usr/bin:/sbin:/bin:/usr/games:/usr/local/games
11 verbose lifecycle fragment-common@1.0.0~start: CWD: /home/wjureczka/IdeaProjects/tailor-react-spa/packages/fragment-common
12 silly lifecycle fragment-common@1.0.0~start: Args: [ '-c', 'micro -l tcp://0.0.0.0:${npm_package_config_port}' ]
13 silly lifecycle fragment-common@1.0.0~start: Returned: code: 1  signal: null
14 info lifecycle fragment-common@1.0.0~start: Failed to exec start script
15 verbose stack Error: fragment-common@1.0.0 start: `micro -l tcp://0.0.0.0:${npm_package_config_port}`
15 verbose stack Exit status 1
15 verbose stack     at EventEmitter.<anonymous> (/usr/share/npm/lib/utils/lifecycle.js:232:16)
15 verbose stack     at emitTwo (events.js:126:13)
15 verbose stack     at EventEmitter.emit (events.js:214:7)
15 verbose stack     at ChildProcess.<anonymous> (/usr/share/npm/lib/utils/spawn.js:24:14)
15 verbose stack     at emitTwo (events.js:126:13)
15 verbose stack     at ChildProcess.emit (events.js:214:7)
15 verbose stack     at maybeClose (internal/child_process.js:925:16)
15 verbose stack     at Process.ChildProcess._handle.onexit (internal/child_process.js:209:5)
16 verbose pkgid fragment-common@1.0.0
17 verbose cwd /home/wjureczka/IdeaProjects/tailor-react-spa/packages/fragment-common
18 error Linux 4.15.0-33-generic
19 error argv "/usr/bin/node" "/usr/bin/npm" "run" "start"
20 error node v8.10.0
21 error npm  v3.5.2
22 error code ELIFECYCLE
23 error fragment-common@1.0.0 start: `micro -l tcp://0.0.0.0:${npm_package_config_port}`
23 error Exit status 1
24 error Failed at the fragment-common@1.0.0 start script 'micro -l tcp://0.0.0.0:${npm_package_config_port}'.
24 error Make sure you have the latest version of node.js and npm installed.
24 error If you do, this is most likely a problem with the fragment-common package,
24 error not with npm itself.
24 error Tell the author that this fails on your system:
24 error     micro -l tcp://0.0.0.0:${npm_package_config_port}
24 error You can get information on how to open an issue for this project with:
24 error     npm bugs fragment-common
24 error Or if that isn't available, you can get their info via:
24 error     npm owner ls fragment-common
24 error There is likely additional logging output above.
25 verbose exit [ 1, true ]
